alpha Connection OK
ESV Certificate Number: 'E1'
Implementation Name: 'NetApp CryptoMod'
Standard: 'SP 800-90B'
Description: 'CPU Jitter RNG v3.4.0'
Version: '3.0'
Noise Source: 'Non-Physical'
Reuse Status: 'Reuse restricted to vendor'
OE: 'ONTAP 9.11.1 running on an AFF A250 running on Intel&#174; Xeon&#174; D-2164IT (Skylake) without PAA</li><li>ONTAP 9.11.1 running on an AFF A400 running on Intel&#174; Xeon&#174; Silver 4210 (Cascade Lake) with PAA</li><li>ONTAP 9.11.1 running on an AFF A900 running on Intel&#174; Xeon&#174; Platinum 8352Y (Ice Lake) with PAA</li>'
CAVP Certs: ''''
Sample Size: ''''
Vendor: 'NetApp, Inc.'
Validation Date: '8/29/2022'
***** Error 570: Lab Name Tag Not found (x=0)
1: ################
alpha Connection OK
ESV Certificate Number: 'E2'
Implementation Name: 'VaultIC408'
Standard: 'SP 800-90B'
Description: '1 noise source which consists of 5 osc outputs XOR''d together'
Version: 'AT90SO28RS'
Noise Source: 'Physical'
Reuse Status: 'Reuse restricted to vendor'
OE: 'AVR Secure Processor</li>'
CAVP Certs: ''''
Sample Size: ''''
Vendor: 'WISeKey'
Validation Date: '10/11/2022'
***** Error 570: Lab Name Tag Not found (x=0)
2: ################
alpha Connection OK
ESV Certificate Number: 'E3'
Implementation Name: 'Cisco Jitter Entropy Source'
Standard: 'SP 800-90B'
Description: 'The Cisco Jitter Entropy Source provides NIST SP 800-90B compliant entropy to Cisco devices.'
Version: '3.4.1'
Noise Source: 'Non-Physical'
Reuse Status: 'Reuse restricted to vendor'
OE: 'Intel Xeon 4116T (Silver)</li><li>Intel Xeon D-1548 (Broadwell)</li><li>Intel Xeon D-1563N (Broadwell)</li>'
CAVP Certs: ''''
Sample Size: ''''
Vendor: 'Cisco Systems, Inc.'
Validation Date: '10/11/2022'
***** Error 570: Lab Name Tag Not found (x=0)
3: ################
alpha Connection OK
ESV Certificate Number: 'E4'
Implementation Name: 'Cisco TRNG Core Entropy Source'
Standard: 'SP 800-90B'
Description: 'The Cisco TRNG Core, running on the TAm 2.0 chip, provides NIST SP 800-90B compliant entropy to Cisco devices.'
Version: 'TAm2.0 v1'
Noise Source: 'Physical'
Reuse Status: 'Reuse restricted to vendor'
OE: 'Microsemi SmartFusion2 SOC FPGA</li>'
CAVP Certs: ''''
Sample Size: ''''
Vendor: 'Cisco Systems, Inc.'
Validation Date: '10/21/2022'
***** Error 570: Lab Name Tag Not found (x=0)
4: ################
alpha Connection OK
ESV Certificate Number: 'E5'
Implementation Name: 'Ultrastar DC SN650'
Standard: 'SP 800-90B'
Description: 'Multiple Ring Oscillators'
Version: '2.0'
Noise Source: 'Physical'
Reuse Status: 'Reuse restricted to vendor'
OE: 'ARM Cortex M3</li>'
CAVP Certs: ''''
Sample Size: ''''
Vendor: 'Western Digital Corporation'
Validation Date: '10/21/2022'
***** Error 570: Lab Name Tag Not found (x=0)
5: ################
alpha Connection OK
ESV Certificate Number: 'E6'
Implementation Name: 'Broadcom Prism+ TRNG'
Standard: 'SP 800-90B'
Description: '32 Ring Oscillators concatenated'
Version: '20200404'
Noise Source: 'Physical'
Reuse Status: 'Reuse restricted to vendor'
OE: 'ARM Cortex R4</li>'
CAVP Certs: ''''
Sample Size: ''''
Vendor: 'Broadcom Inc.'
Validation Date: '10/21/2022'
***** Error 570: Lab Name Tag Not found (x=0)
6: ################
alpha Connection OK
ESV Certificate Number: 'E7'
Implementation Name: 'Aruba CPU Jitter Entropy Source'
Standard: 'SP 800-90B'
Description: 'Aruba CPU Jitter Entropy Source'
Version: '3.3.1'
Noise Source: 'Non-Physical'
Reuse Status: 'Reuse restricted to vendor'
OE: 'Broadcom BCM (64-bit ARMv8)</li><li>Broadcom XLP (MIPS64)</li><li>Intel Atom C3508 (Denverton)</li><li>Intel Xeon (Cascade Lake) with AES-NI</li><li>Intel Xeon (Cascade Lake) without AES-NI</li><li>Intel Xeon E5 (Broadwell) with AES-NI</li><li>Qualcomm IPQ (64-bit ARM A7)</li><li>Qualcomm IPQ (64-bit ARM Cortex A53)</li>'
CAVP Certs: ''''
Sample Size: ''''
Vendor: 'Aruba, a Hewlett Packard Enterprise company'
Validation Date: '12/2/2022'
***** Error 570: Lab Name Tag Not found (x=0)
7: ################
alpha Connection OK
ESV Certificate Number: 'E8'
Implementation Name: 'Kernel CPU Time Jitter RNG Entropy Source'
Standard: 'SP 800-90B'
Description: 'Kernel CPU Time Jitter RNG Entropy Source version 2.2.0'
Version: '2.2.0'
Noise Source: 'Non-Physical'
Reuse Status: 'Reuse restricted to vendor'
OE: 'RHEL 8 on Intel Cascade Lake Xeon Silver 4216</li>'
CAVP Certs: ''''
Sample Size: ''''
Vendor: 'Red Hat, Inc.'
Validation Date: '12/2/2022'
***** Error 570: Lab Name Tag Not found (x=0)
8: ################
alpha Connection OK
ESV Certificate Number: 'E9'
Implementation Name: 'IBM Capri ASIC Entropy Source'
Standard: 'SP 800-90B'
Description: 'IBM Capri ASIC Noise Source'
Version: '02WP146, 02WP147'
Noise Source: 'Physical'
Reuse Status: 'Reuse restricted to vendor'
OE: 'IBM Capri ASIC 02WP146/02WP147</li>'
CAVP Certs: ''''
Sample Size: ''''
Vendor: 'IBM'
Validation Date: '12/16/2022'
***** Error 570: Lab Name Tag Not found (x=0)
9: ################
alpha Connection OK
ESV Certificate Number: 'E10'
Implementation Name: 'DocuSign QSCD Appliance'
Standard: 'SP 800-90B'
Description: 'Quantis IDQ6MC1 chip'
Version: '1.1.0.9'
Noise Source: 'Physical'
Reuse Status: 'Reuse restricted to vendor'
OE: 'DocuSign QSCD Appliance</li>'
CAVP Certs: ''''
Sample Size: ''''
Vendor: 'DocuSign, Inc.'
Validation Date: '12/16/2022'
***** Error 570: Lab Name Tag Not found (x=0)
10: ################
alpha Connection OK
ESV Certificate Number: 'E11'
Implementation Name: 'AES-CMAC HW'
Standard: 'SP 800-90B'
Description: 'STMicroelectronics STM32U5x entropy source'
Version: '184_98'
Noise Source: 'Physical'
Reuse Status: 'Open for Reuse'
OE: 'Verilog Simulator</li>'
CAVP Certs: ''''
Sample Size: ''''
Vendor: 'STMicroelectronics'
Validation Date: '12/16/2022'
***** Error 570: Lab Name Tag Not found (x=0)
11: ################
alpha Connection OK
ESV Certificate Number: 'E12'
Implementation Name: 'Ultrastar DC HC560'
Standard: 'SP 800-90B'
Description: 'Ultrastar DC HC560'
Version: 'Model number: WUH722020BL4205, Manufacturing PN: 0F38603 Rev 15 Model number: WUH722020BL5205, Manufacturing PN: 0F38653 Rev 15'
Noise Source: 'Physical'
Reuse Status: 'Reuse restricted to vendor'
OE: 'ARM Cortex M3</li><li>ARM Cortex R8</li>'
CAVP Certs: ''''
Sample Size: ''''
Vendor: 'Western Digital Corporation'
Validation Date: '1/5/2023'
***** Error 570: Lab Name Tag Not found (x=0)
12: ################
alpha Connection OK
ESV Certificate Number: 'E13'
Implementation Name: 'Ultrastar DC HC570'
Standard: 'SP 800-90B'
Description: 'Ultrastar DC HC570'
Version: 'Model number: WUH722222AL4205, Manufacturing PN: 0F48003 Rev 16 Model number: WUH722222AL5205, Manufacturing PN: 0F48053 Rev 10'
Noise Source: 'Physical'
Reuse Status: 'Reuse restricted to vendor'
OE: 'ARM Cortex M3</li><li>ARM Cortex R8</li>'
CAVP Certs: ''''
Sample Size: ''''
Vendor: 'Western Digital Corporation'
Validation Date: '1/5/2023'
***** Error 570: Lab Name Tag Not found (x=0)
13: ################
alpha Connection OK
ESV Certificate Number: 'E14'
Implementation Name: 'Apple corecrypto v11.1 physical entropy source'
Standard: 'SP 800-90B'
Description: 'Apple corecrypto v11.1 physical entropy source'
Version: '11.1'
Noise Source: 'Physical'
Reuse Status: 'Open for Reuse'
OE: 'Apple A Series A12Z Bionic</li><li> Apple A Series A13 Bionic</li><li> Apple S Series S5</li>'
CAVP Certs: ''''
Sample Size: ''''
Vendor: 'Apple Inc.'
Validation Date: '1/19/2023'
***** Error 570: Lab Name Tag Not found (x=0)
14: ################
alpha Connection OK
ESV Certificate Number: 'E15'
Implementation Name: 'Apple corecrypto v11.1 non-physical entropy source'
Standard: 'SP 800-90B'
Description: 'Apple corecrypto v11.1 non-physical entropy source'
Version: '11.1'
Noise Source: 'Non-Physical'
Reuse Status: 'Open for Reuse'
OE: 'iOS 14 on Apple A Series A10 Fusion</li><li>iOS 14 on Apple A Series A11 Bionic</li><li>iOS 14 on Apple A Series A12 Bionic</li><li>iOS 14 on Apple A Series A13 Bionic</li><li>iOS 14 on Apple A Series A14 Bionic</li><li>iOS 14 on Apple A Series A9</li><li>iPadOS 14 on Apple A Series A10 Fusion</li><li>iPadOS 14 on Apple A Series A10X Fusion</li><li>iPadOS 14 on Apple A Series A12 Bionic</li><li>iPadOS 14 on Apple A Series A12X Bionic</li><li>iPadOS 14 on Apple A Series A12Z Bionic</li><li>iPadOS 14 on Apple A Series A14 Bionic</li><li>iPadOS 14 on Apple A Series A9</li><li>iPadOS 14 on Apple A Series A9X</li><li>macOS Big Sur 11 on Apple M Series M1</li><li>tvOS 14 on Apple A Series A10X Fusion</li><li>TxFW 11 on Apple T Series T2</li><li>watchOS 7 on Apple S Series S4</li><li>watchOS 7 on Apple S Series S5</li><li>watchOS 7 on Apple S Series S6</li>'
CAVP Certs: ''''
Sample Size: ''''
Vendor: 'Apple Inc.'
Validation Date: '1/19/2023'
***** Error 570: Lab Name Tag Not found (x=0)
15: ################
alpha Connection OK
ESV Certificate Number: 'E16'
Implementation Name: 'CPU Jitter RNG'
Standard: 'SP 800-90B'
Description: 'CPU Jitter RNG'
Version: '3.4.0'
Noise Source: 'Non-Physical'
Reuse Status: 'Reuse restricted to vendor'
OE: 'BIG-IP 16.1.3.1 on Hyper-V version 10.0 on Windows Server 2019 on Intel Haswell E5-2660v3</li><li>BIG-IP 16.1.3.1 on Intel Broadwell D-1518</li><li>BIG-IP 16.1.3.1 on Intel Broadwell E5-1630v4</li><li>BIG-IP 16.1.3.1 on Intel Broadwell E5-1650v4</li><li>BIG-IP 16.1.3.1 on Intel Broadwell E5-1660v4</li><li>BIG-IP 16.1.3.1 on Intel Broadwell E5-2680v4</li><li>BIG-IP 16.1.3.1 on Intel Broadwell E5-2695v4</li><li>BIG-IP 16.1.3.1 on Intel Haswell E5-2658v3</li><li>BIG-IP 16.1.3.1 on Intel Ivy Bridge E5-2658v2</li><li>BIG-IP 16.1.3.1 on KVM on Ubuntu 20.04.2 LTS (Focal Fossa) on Intel Broadwell E5-2690v4</li><li>BIG-IP 16.1.3.1 on VMware ESXi6.5 hypervisor on Intel Sandy Bridge E5-2670</li>'
CAVP Certs: ''''
Sample Size: ''''
Vendor: 'F5, Inc.'
Validation Date: '1/25/2023'
***** Error 570: Lab Name Tag Not found (x=0)
16: ################
alpha Connection OK
ESV Certificate Number: 'E17'
Implementation Name: 'IBestChain HSM Cryptographic Library'
Standard: 'SP 800-90B'
Description: 'IBestChain AS578 Entropy Source'
Version: '1.4.0'
Noise Source: 'Physical'
Reuse Status: 'Reuse restricted to vendor'
OE: 'ARM Cortex-M</li>'
CAVP Certs: ''''
Sample Size: ''''
Vendor: 'Shenzhen IBestChain Technology Co Ltd'
Validation Date: '1/26/2023'
***** Error 570: Lab Name Tag Not found (x=0)
17: ################
alpha Connection OK
ESV Certificate Number: 'E18'
Implementation Name: 'Nuvoton NPCT7xx TPM 2.0 Cryptographic Engine'
Standard: 'SP 800-90B'
Description: 'Ring Oscillators'
Version: 'LAG019'
Noise Source: 'Physical'
Reuse Status: 'Reuse restricted to vendor'
OE: 'Nuvoton NPCT7xx TPM 2.0 Cryptographic Engine on Nuvoton NPCT7xx</li>'
CAVP Certs: ''''
Sample Size: ''''
Vendor: 'Nuvoton Technology Corporation'
Validation Date: '1/27/2023'
***** Error 570: Lab Name Tag Not found (x=0)
18: ################
alpha Connection OK
ESV Certificate Number: 'E19'
Implementation Name: 'Kernel CPU Time Jitter RNG'
Standard: 'SP 800-90B'
Description: 'CPU Time Jitter RNG'
Version: '2.2.0'
Noise Source: 'Non-Physical'
Reuse Status: 'Reuse restricted to vendor'
OE: 'SUSE Linux Enterprise Server 15 SP4 on Ampere Ampere Altra Ampere Altra Q80-30</li><li>SUSE Linux Enterprise Server 15 SP4 on AuthenticAMD AMD EPYC 7001 Series AMD EPYC 7371</li><li>SUSE Linux Enterprise Server 15 SP4 on IBM Z System z15</li><li>SUSE Linux Enterprise Server 15 SP4 on Intel Cascade Lake Intel Xeon Silver 4215R</li><li>SUSE Linux Enterprise Server 15 SP4 on PowerVM (VIOS 3.1.4.00) on IBM POWER Series POWER10</li>'
CAVP Certs: ''''
Sample Size: ''''
Vendor: 'SUSE LLC'
Validation Date: '2/13/2023'
***** Error 570: Lab Name Tag Not found (x=0)
19: ################
alpha Connection OK
ESV Certificate Number: 'E20'
Implementation Name: 'Kernel-RT CPU Time Jitter RNG'
Standard: 'SP 800-90B'
Description: 'CPU Time Jitter RNG'
Version: '2.2.0'
Noise Source: 'Non-Physical'
Reuse Status: 'Reuse restricted to vendor'
OE: 'SUSE Linux Enterprise Server 15 SP4 on AuthenticAMD AMD EPYC 7001 Series AMD EPYC 7371</li><li>SUSE Linux Enterprise Server 15 SP4 on Intel Cascade Lake Intel Xeon Silver 4215R</li>'
CAVP Certs: ''''
Sample Size: ''''
Vendor: 'SUSE LLC'
Validation Date: '2/13/2023'
***** Error 570: Lab Name Tag Not found (x=0)
20: ################
alpha Connection OK
ESV Certificate Number: 'E21'
Implementation Name: 'CPU Time Jitter Based Non-Physical True Random Number Generator'
Standard: 'SP 800-90B'
Description: 'CPU Time Jitter'
Version: '8.1.2.2'
Noise Source: 'Non-Physical'
Reuse Status: 'Reuse restricted to vendor'
OE: 'CentOS 7 (x86-64) on Intel Core i7-11390H (Tiger Lake)</li><li>Microsoft Windows 10 (32-bit on x86-64) on Intel Core i7-11390H (Tiger Lake)</li><li>Microsoft Windows 10 (x86-64) on Intel Core i7-11390H (Tiger Lake)</li><li>Raspberry Pi OS 11 (AArch64) on ARM Cortex-A72</li><li>Raspberry Pi OS 11 (ARMv7l) on ARM Cortex-A72</li>'
CAVP Certs: ''''
Sample Size: ''''
Vendor: 'Information Security Corporation'
Validation Date: '2/17/2023'
***** Error 570: Lab Name Tag Not found (x=0)
21: ################
alpha Connection OK
ESV Certificate Number: 'E22'
Implementation Name: 'Userspace Standalone CPU Time Jitter RNG (32-bit with internal timer)'
Standard: 'SP 800-90B'
Description: 'CPU Time Jitter RNG'
Version: '3.4.0'
Noise Source: 'Non-Physical'
Reuse Status: 'Reuse restricted to vendor'
OE: 'SUSE Linux Enterprise Server 15 SP4 on Intel Cascade Lake Intel Xeon Silver 4215R</li>'
CAVP Certs: ''''
Sample Size: ''''
Vendor: 'SUSE LLC'
Validation Date: '3/8/2023'
***** Error 570: Lab Name Tag Not found (x=0)
22: ################
alpha Connection OK
ESV Certificate Number: 'E23'
Implementation Name: 'Trusted Platform Module 2.0 SLB 9672 Entropy Source'
Standard: 'SP 800-90B'
Description: 'Ring Oscillators'
Version: 'HW2.4'
Noise Source: 'Physical'
Reuse Status: 'Open for Reuse'
OE: 'Infineon SLB 9672 security controller IC</li>'
CAVP Certs: ''''
Sample Size: ''''
Vendor: 'Ciena Corporation'
Validation Date: '3/15/2023'
***** Error 570: Lab Name Tag Not found (x=0)
23: ################
alpha Connection OK
ESV Certificate Number: 'E24'
Implementation Name: 'JEnt-MemOnly SHA3-256'
Standard: 'SP 800-90B'
Description: 'JEnt-MemOnly'
Version: 'JEnt-MemOnly commit 0876a92113397897d6546ef83219e82b29366400'
Noise Source: 'Non-Physical'
Reuse Status: 'Open for Reuse'
OE: 'Ubuntu 18.04 on Intel Xeon 6252 (Cascade Lake)</li>'
CAVP Certs: ''''
Sample Size: ''''
Vendor: 'KeyPair Consulting Inc.'
Validation Date: '3/17/2023'
***** Error 570: Lab Name Tag Not found (x=0)
24: ################
alpha Connection OK
ESV Certificate Number: 'E25'
Implementation Name: 'Silvus Clock Jitter Entropy Module'
Standard: 'SP 800-90B'
Description: 'Silvus Clock Jitter Entropy Module'
Version: '1.0'
Noise Source: 'Physical'
Reuse Status: 'Reuse restricted to vendor'
OE: 'Xilinx Zynq Dual Core A9 CPU</li>'
CAVP Certs: ''''
Sample Size: ''''
Vendor: 'Silvus Technologies'
Validation Date: '3/20/2023'
***** Error 570: Lab Name Tag Not found (x=0)
25: ################
alpha Connection OK
ESV Certificate Number: 'E26'
Implementation Name: 'Nokia Jitter Entropy (JENT)'
Standard: 'SP 800-90B'
Description: 'Nokia Jitter Entropy (JENT)'
Version: '1.0'
Noise Source: 'Non-Physical'
Reuse Status: 'Reuse restricted to vendor'
OE: 'Wind River Linux LTS 21 on Marvell Quad Core Arm v7 MV78460</li><li>Wind River Linux LTS 21 on Marvell Quad Core Arm v7 MV78460</li><li>Wind River Linux LTS 21 on Marvell Quad Core Arm v7 MV78460</li><li>Wind River Linux LTS 21 on Marvell Quad Core Arm v7 MV78460</li><li>Wind River Linux LTS 21 on Marvell Quad Core Arm v7 MV78460</li><li>Wind River Linux LTS 21 on Marvell Quad Core Arm v7 MV78460</li><li>Wind River Linux LTS 21 on Marvell Quad Core Arm v7 MV78460</li>'
CAVP Certs: ''''
Sample Size: ''''
Vendor: 'Nokia'
Validation Date: '3/21/2023'
***** Error 570: Lab Name Tag Not found (x=0)
26: ################
alpha Connection OK
ESV Certificate Number: 'E27'
Implementation Name: 'AMD Random Number Generator'
Standard: 'SP 800-90B'
Description: 'ring oscillators'
Version: '1.0'
Noise Source: 'Physical'
Reuse Status: 'Reuse restricted to vendor'
OE: 'EPYC 7xx2 Family</li><li>EPYC 7xx3 Family</li><li>Ryzen V3xxx Family</li>'
CAVP Certs: ''''
Sample Size: ''''
Vendor: 'Advanced Micro Devices, Inc.'
Validation Date: '3/22/2023'
***** Error 570: Lab Name Tag Not found (x=0)
27: ################
alpha Connection OK
ESV Certificate Number: 'E28'
Implementation Name: 'Userspace Standalone CPU Time Jitter RNG (64-bit with internal timer)'
Standard: 'SP 800-90B'
Description: 'CPU Time Jitter RNG'
Version: '3.4.0'
Noise Source: 'Non-Physical'
Reuse Status: 'Reuse restricted to vendor'
OE: 'SUSE Linux Enterprise Server 15 SP4 on Ampere Ampere Altra Ampere Altra Q80-30</li><li>SUSE Linux Enterprise Server 15 SP4 on AuthenticAMD AMD EPYC 7001 Series AMD EPYC 7371</li><li>SUSE Linux Enterprise Server 15 SP4 on IBM Z System z15</li><li>SUSE Linux Enterprise Server 15 SP4 on Intel Cascade Lake Intel Xeon Silver 4215R</li><li>SUSE Linux Enterprise Server 15 SP4 on PowerVM (VIOS 3.1.4.00) on IBM POWER Series POWER10</li>'
CAVP Certs: ''''
Sample Size: ''''
Vendor: 'SUSE LLC'
Validation Date: '3/22/2023'
***** Error 570: Lab Name Tag Not found (x=0)
28: ################
alpha Connection OK
ESV Certificate Number: 'E29'
Implementation Name: 'Userspace Standalone CPU Time Jitter RNG (64-bit with external timer)'
Standard: 'SP 800-90B'
Description: 'CPU Time Jitter RNG'
Version: '3.4.0'
Noise Source: 'Non-Physical'
Reuse Status: 'Reuse restricted to vendor'
OE: 'SUSE Linux Enterprise Server 15 SP4 on Ampere Ampere Altra Ampere Altra Q80-30</li><li>SUSE Linux Enterprise Server 15 SP4 on AuthenticAMD AMD EPYC 7001 Series AMD EPYC 7371</li><li>SUSE Linux Enterprise Server 15 SP4 on IBM Z System z15</li><li>SUSE Linux Enterprise Server 15 SP4 on Intel Cascade Lake Intel Xeon Silver 4215R</li><li>SUSE Linux Enterprise Server 15 SP4 on PowerVM (VIOS 3.1.4.00) on IBM POWER Series POWER10</li>'
CAVP Certs: ''''
Sample Size: ''''
Vendor: 'SUSE LLC'
Validation Date: '3/22/2023'
***** Error 570: Lab Name Tag Not found (x=0)
29: ################
alpha Connection OK
ESV Certificate Number: 'E30'
Implementation Name: 'Userspace Standalone CPU Time Jitter RNG (32-bit with external timer)'
Standard: 'SP 800-90B'
Description: 'CPU Time Jitter RNG'
Version: '3.4.0'
Noise Source: 'Non-Physical'
Reuse Status: 'Reuse restricted to vendor'
OE: 'SUSE Linux Enterprise Server 15 SP4 on Intel Cascade Lake Intel Xeon Silver 4215R</li>'
CAVP Certs: ''''
Sample Size: ''''
Vendor: 'SUSE LLC'
Validation Date: '3/30/2023'
***** Error 570: Lab Name Tag Not found (x=0)
30: ################
alpha Connection OK
ESV Certificate Number: 'E31'
Implementation Name: 'Libgcrypt CPU Time Jitter RNG'
Standard: 'SP 800-90B'
Description: 'CPU Time Jitter RNG'
Version: '3.4.0'
Noise Source: 'Non-Physical'
Reuse Status: 'Reuse restricted to vendor'
OE: 'SUSE Linux Enterprise Server 15 SP4 on Ampere Ampere Altra Ampere Altra Q80-30</li><li>SUSE Linux Enterprise Server 15 SP4 on AuthenticAMD AMD EPYC 7001 Series AMD EPYC 7371</li><li>SUSE Linux Enterprise Server 15 SP4 on IBM Z System z15</li><li>SUSE Linux Enterprise Server 15 SP4 on Intel Cascade Lake Intel Xeon Silver 4215R</li><li>SUSE Linux Enterprise Server 15 SP4 on PowerVM (VIOS 3.1.4.00) on IBM POWER Series POWER10</li>'
CAVP Certs: ''''
Sample Size: ''''
Vendor: 'SUSE LLC'
Validation Date: '3/30/2023'
***** Error 570: Lab Name Tag Not found (x=0)
31: ################
alpha Connection OK
***** Skipping Invalid ESV Certifcate Files
32: ################
alpha Connection OK
***** Skipping Invalid ESV Certifcate Files
33: ################
alpha Connection OK
***** Skipping Invalid ESV Certifcate Files
34: ################
alpha Connection OK
***** Skipping Invalid ESV Certifcate Files
35: ################
alpha Connection OK
***** Skipping Invalid ESV Certifcate Files
36: ################
alpha Connection OK
***** Skipping Invalid ESV Certifcate Files
37: ################
alpha Connection OK
***** Skipping Invalid ESV Certifcate Files
38: ################
alpha Connection OK
***** Skipping Invalid ESV Certifcate Files
39: ################
alpha Connection OK
***** Skipping Invalid ESV Certifcate Files
40: ################
alpha Connection OK
***** Skipping Invalid ESV Certifcate Files
41: ################
alpha Connection OK
***** Skipping Invalid ESV Certifcate Files
42: ################
alpha Connection OK
***** Skipping Invalid ESV Certifcate Files
43: ################
alpha Connection OK
***** Skipping Invalid ESV Certifcate Files
44: ################
alpha Connection OK
***** Skipping Invalid ESV Certifcate Files
45: ################
alpha Connection OK
***** Skipping Invalid ESV Certifcate Files
46: ################
alpha Connection OK
***** Skipping Invalid ESV Certifcate Files
47: ################
alpha Connection OK
***** Skipping Invalid ESV Certifcate Files
48: ################
alpha Connection OK
***** Skipping Invalid ESV Certifcate Files
49: ################
alpha Connection OK
***** Skipping Invalid ESV Certifcate Files
50: ################
alpha Connection OK
***** Skipping Invalid ESV Certifcate Files
51: ################
alpha Connection OK
***** Skipping Invalid ESV Certifcate Files
52: ################
alpha Connection OK
***** Skipping Invalid ESV Certifcate Files
53: ################
alpha Connection OK
***** Skipping Invalid ESV Certifcate Files
54: ################
alpha Connection OK
***** Skipping Invalid ESV Certifcate Files
55: ################
alpha Connection OK
***** Skipping Invalid ESV Certifcate Files
56: ################
alpha Connection OK
***** Skipping Invalid ESV Certifcate Files
57: ################
alpha Connection OK
***** Skipping Invalid ESV Certifcate Files
58: ################
alpha Connection OK
***** Skipping Invalid ESV Certifcate Files
59: ################
alpha Connection OK
***** Skipping Invalid ESV Certifcate Files
60: ################
alpha Connection OK
***** Skipping Invalid ESV Certifcate Files
61: ################
alpha Connection OK
***** Skipping Invalid ESV Certifcate Files
62: ################
alpha Connection OK
***** Skipping Invalid ESV Certifcate Files
63: ################
alpha Connection OK
***** Skipping Invalid ESV Certifcate Files
64: ################
alpha Connection OK
***** Skipping Invalid ESV Certifcate Files
65: ################
alpha Connection OK
***** Skipping Invalid ESV Certifcate Files
66: ################
alpha Connection OK
***** Skipping Invalid ESV Certifcate Files
67: ################
alpha Connection OK
***** Skipping Invalid ESV Certifcate Files
68: ################
alpha Connection OK
***** Skipping Invalid ESV Certifcate Files
69: ################
alpha Connection OK
***** Skipping Invalid ESV Certifcate Files
70: ################
alpha Connection OK
***** Skipping Invalid ESV Certifcate Files
71: ################
alpha Connection OK
***** Skipping Invalid ESV Certifcate Files
72: ################
alpha Connection OK
***** Skipping Invalid ESV Certifcate Files
73: ################
alpha Connection OK
***** Skipping Invalid ESV Certifcate Files
74: ################
alpha Connection OK
***** Skipping Invalid ESV Certifcate Files
75: ################
alpha Connection OK
***** Skipping Invalid ESV Certifcate Files
76: ################
alpha Connection OK
***** Skipping Invalid ESV Certifcate Files
77: ################
alpha Connection OK
***** Skipping Invalid ESV Certifcate Files
78: ################
alpha Connection OK
***** Skipping Invalid ESV Certifcate Files
79: ################
alpha Connection OK
***** Skipping Invalid ESV Certifcate Files
80: ################
alpha Connection OK
***** Skipping Invalid ESV Certifcate Files
81: ################
alpha Connection OK
***** Skipping Invalid ESV Certifcate Files
82: ################
alpha Connection OK
***** Skipping Invalid ESV Certifcate Files
83: ################
alpha Connection OK
***** Skipping Invalid ESV Certifcate Files
84: ################
alpha Connection OK
***** Skipping Invalid ESV Certifcate Files
85: ################
alpha Connection OK
***** Skipping Invalid ESV Certifcate Files
86: ################
alpha Connection OK
***** Skipping Invalid ESV Certifcate Files
87: ################
alpha Connection OK
***** Skipping Invalid ESV Certifcate Files
88: ################
alpha Connection OK
***** Skipping Invalid ESV Certifcate Files
89: ################
alpha Connection OK
***** Skipping Invalid ESV Certifcate Files
90: ################
alpha Connection OK
***** Skipping Invalid ESV Certifcate Files
91: ################
alpha Connection OK
***** Skipping Invalid ESV Certifcate Files
92: ################
alpha Connection OK
***** Skipping Invalid ESV Certifcate Files
93: ################
alpha Connection OK
***** Skipping Invalid ESV Certifcate Files
94: ################
alpha Connection OK
***** Skipping Invalid ESV Certifcate Files
95: ################
alpha Connection OK
***** Skipping Invalid ESV Certifcate Files
96: ################
alpha Connection OK
***** Skipping Invalid ESV Certifcate Files
97: ################
alpha Connection OK
***** Skipping Invalid ESV Certifcate Files
98: ################
alpha Connection OK
***** Skipping Invalid ESV Certifcate Files
99: ################
alpha Connection OK
***** Skipping Invalid ESV Certifcate Files
100: ################
